#
# There is insufficient memory for the Java Runtime Environment to continue.
# Native memory allocation (mmap) failed to map 268435456 bytes for G1 virtual space
# Possible reasons:
#   The system is out of physical RAM or swap space
#   The process is running with CompressedOops enabled, and the Java Heap may be blocking the growth of the native heap
# Possible solutions:
#   Reduce memory load on the system
#   Increase physical memory or swap space
#   Check if swap backing store is full
#   Decrease Java heap size (-Xmx/-Xms)
#   Decrease number of Java threads
#   Decrease Java thread stack sizes (-Xss)
#   Set larger code cache with -XX:ReservedCodeCacheSize=
#   JVM is running with Zero Based Compressed Oops mode in which the Java heap is
#     placed in the first 32GB address space. The Java Heap base address is the
#     maximum limit for the native heap growth. Please use -XX:HeapBaseMinAddress
#     to set the Java Heap base and to place the Java Heap above 32GB virtual address.
# This output file may be truncated or incomplete.
#
#  Out of Memory Error (os_windows.cpp:3550), pid=56968, tid=57024
#
# JRE version:  (17.0.8+9) (build )
# Java VM: Java HotSpot(TM) 64-Bit Server VM (17.0.8+9-LTS-211, mixed mode, emulated-client, sharing, tiered, compressed oops, compressed class ptrs, g1 gc, windows-amd64)
# No core dump will be written. Minidumps are not enabled by default on client versions of Windows
#

---------------  S U M M A R Y ------------

Command Line: -XX:TieredStopAtLevel=1 -Dspring.output.ansi.enabled=always -Dcom.sun.management.jmxremote -Dspring.jmx.enabled=true -Dspring.liveBeansView.mbeanDomain -Dspring.application.admin.enabled=true -Dmanagement.endpoints.jmx.exposure.include=* -javaagent:D:\IntelliJ IDEA 2023.2.1\lib\idea_rt.jar=3076:D:\IntelliJ IDEA 2023.2.1\bin -Dfile.encoding=UTF-8 com.example.security.SecurityApplication

Host: AMD Ryzen 5 5600X 6-Core Processor             , 12 cores, 15G,  Windows 10 , 64 bit Build 19041 (10.0.19041.3155)
Time: Wed Sep 13 23:23:17 2023  Windows 10 , 64 bit Build 19041 (10.0.19041.3155) elapsed time: 0.103191 seconds (0d 0h 0m 0s)

---------------  T H R E A D  ---------------

Current thread (0x000001f7e3ca9a60):  JavaThread "Unknown thread" [_thread_in_vm, id=57024, stack(0x000000413ff00000,0x0000004140000000)]

Stack: [0x000000413ff00000,0x0000004140000000]
Native frames: (J=compiled Java code, j=interpreted, Vv=VM code, C=native code)
V  [jvm.dll+0x677d0a]
V  [jvm.dll+0x7d8c54]
V  [jvm.dll+0x7da3fe]
V  [jvm.dll+0x7daa63]
V  [jvm.dll+0x245c5f]
V  [jvm.dll+0x674bb9]
V  [jvm.dll+0x6694f2]
V  [jvm.dll+0x3031d6]
V  [jvm.dll+0x30a756]
V  [jvm.dll+0x359f9e]
V  [jvm.dll+0x35a1cf]
V  [jvm.dll+0x2da3e8]
V  [jvm.dll+0x2db354]
V  [jvm.dll+0x7aa711]
V  [jvm.dll+0x367b51]
V  [jvm.dll+0x789979]
V  [jvm.dll+0x3eb05f]
V  [jvm.dll+0x3ecae1]
C  [jli.dll+0x5297]
C  [ucrtbase.dll+0x21bb2]
C  [KERNEL32.DLL+0x17614]
C  [ntdll.dll+0x526b1]


---------------  P R O C E S S  ---------------

Threads class SMR info:
_java_thread_list=0x00007ffa526459d8, length=0, elements={
}

Java Threads: ( => current thread )

Other Threads:
  0x000001f7e3d15f30 GCTaskThread "GC Thread#0" [stack: 0x0000004140000000,0x0000004140100000] [id=57036]
  0x000001f7e3d27c60 ConcurrentGCThread "G1 Main Marker" [stack: 0x0000004140100000,0x0000004140200000] [id=57040]
  0x000001f7e3d28d20 ConcurrentGCThread "G1 Conc#0" [stack: 0x0000004140200000,0x0000004140300000] [id=57044]

[error occurred during error reporting (printing all threads), id 0xc0000005, EXCEPTION_ACCESS_VIOLATION (0xc0000005) at pc=0x00007ffa51e7b047]

VM state: not at safepoint (not fully initialized)

VM Mutex/Monitor currently owned by a thread:  ([mutex/lock_event])
[0x000001f7e3ca67c0] Heap_lock - owner thread: 0x000001f7e3ca9a60

Heap address: 0x0000000701200000, size: 4078 MB, Compressed Oops mode: Zero based, Oop shift amount: 3

CDS archive(s) mapped at: [0x0000000000000000-0x0000000000000000-0x0000000000000000), size 0, SharedBaseAddress: 0x0000000800000000, ArchiveRelocationMode: 1.
Narrow klass base: 0x0000000000000000, Narrow klass shift: 0, Narrow klass range: 0x0

GC Precious Log:
<Empty>

Heap:
 garbage-first heap   total 0K, used 0K [0x0000000701200000, 0x0000000800000000)
  region size 2048K, 0 young (0K), 0 survivors (0K)

[error occurred during error reporting (printing heap information), id 0xc0000005, EXCEPTION_ACCESS_VIOLATION (0xc0000005) at pc=0x00007ffa52261499]

GC Heap History (0 events):
No events

Deoptimization events (0 events):
No events

Classes unloaded (0 events):
No events

Classes redefined (0 events):
No events

Internal exceptions (0 events):
No events

VM Operations (0 events):
No events

Events (1 events):
Event: 0.096 Loaded shared library C:\Program Files\Java\jdk-17\bin\java.dll


Dynamic libraries:
0x00007ff758b20000 - 0x00007ff758b30000 	C:\Program Files\Java\jdk-17\bin\java.exe
0x00007ffa945d0000 - 0x00007ffa947c8000 	C:\Windows\SYSTEM32\ntdll.dll
0x00007ffa92670000 - 0x00007ffa9272f000 	C:\Windows\System32\KERNEL32.DLL
0x00007ffa922c0000 - 0x00007ffa925b6000 	C:\Windows\System32\KERNELBASE.dll
0x00007ffa91e20000 - 0x00007ffa91f20000 	C:\Windows\System32\ucrtbase.dll
0x00007ffa82e00000 - 0x00007ffa82e19000 	C:\Program Files\Java\jdk-17\bin\jli.dll
0x00007ffa82da0000 - 0x00007ffa82dbb000 	C:\Program Files\Java\jdk-17\bin\VCRUNTIME140.dll
0x00007ffa92a80000 - 0x00007ffa92b2f000 	C:\Windows\System32\ADVAPI32.dll
0x00007ffa943d0000 - 0x00007ffa9446e000 	C:\Windows\System32\msvcrt.dll
0x00007ffa93de0000 - 0x00007ffa93e7c000 	C:\Windows\System32\sechost.dll
0x00007ffa93ff0000 - 0x00007ffa94116000 	C:\Windows\System32\RPCRT4.dll
0x00007ffa92730000 - 0x00007ffa928cd000 	C:\Windows\System32\USER32.dll
0x00007ffa91df0000 - 0x00007ffa91e12000 	C:\Windows\System32\win32u.dll
0x00007ffa92640000 - 0x00007ffa9266c000 	C:\Windows\System32\GDI32.dll
0x00007ffa84770000 - 0x00007ffa84a0a000 	C:\Windows\WinSxS\amd64_microsoft.windows.common-controls_6595b64144ccf1df_6.0.19041.1110_none_60b5254171f9507e\COMCTL32.dll
0x00007ffa921a0000 - 0x00007ffa922b5000 	C:\Windows\System32\gdi32full.dll
0x00007ffa91f20000 - 0x00007ffa91fbd000 	C:\Windows\System32\msvcp_win.dll
0x00007ffa8aa90000 - 0x00007ffa8aa9a000 	C:\Windows\SYSTEM32\VERSION.dll
0x00007ffa931f0000 - 0x00007ffa93220000 	C:\Windows\System32\IMM32.DLL
0x00007ffa84a40000 - 0x00007ffa84a4c000 	C:\Program Files\Java\jdk-17\bin\vcruntime140_1.dll
0x00007ffa68bd0000 - 0x00007ffa68c5e000 	C:\Program Files\Java\jdk-17\bin\msvcp140.dll
0x00007ffa51b90000 - 0x00007ffa5276e000 	C:\Program Files\Java\jdk-17\bin\server\jvm.dll
0x00007ffa93f30000 - 0x00007ffa93f38000 	C:\Windows\System32\PSAPI.DLL
0x00007ffa86250000 - 0x00007ffa86277000 	C:\Windows\SYSTEM32\WINMM.dll
0x00007ffa86280000 - 0x00007ffa86289000 	C:\Windows\SYSTEM32\WSOCK32.dll
0x00007ffa94230000 - 0x00007ffa9429b000 	C:\Windows\System32\WS2_32.dll
0x00007ffa8fb30000 - 0x00007ffa8fb42000 	C:\Windows\SYSTEM32\kernel.appcore.dll
0x00007ffa83430000 - 0x00007ffa8343a000 	C:\Program Files\Java\jdk-17\bin\jimage.dll
0x00007ffa89260000 - 0x00007ffa89444000 	C:\Windows\SYSTEM32\DBGHELP.DLL
0x00007ffa76880000 - 0x00007ffa768b4000 	C:\Windows\SYSTEM32\dbgcore.DLL
0x00007ffa91cb0000 - 0x00007ffa91d32000 	C:\Windows\System32\bcryptPrimitives.dll
0x00007ffa8c960000 - 0x00007ffa8c96e000 	C:\Program Files\Java\jdk-17\bin\instrument.dll
0x00007ffa80cb0000 - 0x00007ffa80cd5000 	C:\Program Files\Java\jdk-17\bin\java.dll

dbghelp: loaded successfully - version: 4.0.5 - missing functions: none
symbol engine: initialized successfully - sym options: 0x614 - pdb path: .;C:\Program Files\Java\jdk-17\bin;C:\Windows\SYSTEM32;C:\Windows\WinSxS\amd64_microsoft.windows.common-controls_6595b64144ccf1df_6.0.19041.1110_none_60b5254171f9507e;C:\Program Files\Java\jdk-17\bin\server

VM Arguments:
jvm_args: -XX:TieredStopAtLevel=1 -Dspring.output.ansi.enabled=always -Dcom.sun.management.jmxremote -Dspring.jmx.enabled=true -Dspring.liveBeansView.mbeanDomain -Dspring.application.admin.enabled=true -Dmanagement.endpoints.jmx.exposure.include=* -javaagent:D:\IntelliJ IDEA 2023.2.1\lib\idea_rt.jar=3076:D:\IntelliJ IDEA 2023.2.1\bin -Dfile.encoding=UTF-8 
java_command: com.example.security.SecurityApplication
java_class_path (initial): D:\Spring_Security\Spring\out\production\classes;D:\Spring_Security\Spring\out\production\resources;C:\Users\OHS\.gradle\caches\modules-2\files-2.1\org.projectlombok\lombok\1.18.28\a2ff5da8bcd8b1b26f36b806ced63213362c6dcc\lombok-1.18.28.jar;C:\Users\OHS\.gradle\caches\modules-2\files-2.1\org.springframework.boot\spring-boot-starter-web\2.7.15\80f227f160fd83e4d3e1fb10ec59530e4faae1e0\spring-boot-starter-web-2.7.15.jar;C:\Users\OHS\.gradle\caches\modules-2\files-2.1\org.springframework.boot\spring-boot-starter-data-jpa\2.7.15\93fe758d2f6fdda6ec5494a984c980164f529486\spring-boot-starter-data-jpa-2.7.15.jar;C:\Users\OHS\.gradle\caches\modules-2\files-2.1\org.testng\testng\7.1.0\b0bcea778fb2899aeb4014c558babea8833d180a\testng-7.1.0.jar;C:\Users\OHS\.gradle\caches\modules-2\files-2.1\org.springframework.boot\spring-boot-starter-data-redis\2.7.15\95a37650428ea769df18377999293621b3fac761\spring-boot-starter-data-redis-2.7.15.jar;C:\Users\OHS\.gradle\caches\modules-2\files-2.1\org.springframework.boot\spring-boot-starter-mail\2.7.15\5df0e5ed9afb8ea48c47a3b42423893c07d49d84\spring-boot-starter-mail-2.7.15.jar;C:\Users\OHS\.gradle\caches\modules-2\files-2.1\org.springframework.boot\spring-boot-starter-security\2.7.15\e2f938ea74399bd642c2ed0c13f32b896ebfe078\spring-boot-starter-security-2.7.15.jar;C:\Users\OHS\.gradle\caches\modules-2\files-2.1\org.springframework.security\spring-security-crypto\5.7.1\e036d3deb1b1fba2b9881613f0e43f69ccd23ece\spring-security-crypto-5.7.1.jar;C:\Users\OHS\.gradle\caches\modules-2\files-2.1\javax.xml.bind\jaxb-api\2.3.0\99f802e0cb3e953ba3d6e698795c4aeb98d37c48\jaxb-api-2.3.0.jar;C:\Users\OHS\.gradle\caches\modules-2\files-2.1\io.jsonwebtoken\jjwt\0.9.1\54d2abfc3e63a28824d35bf600d6a5d627da681a\jjwt-0.9.1.jar;C:\Users\OHS\.gradle\caches\modules-2\files-2.1\org.springframework.boot\spring-boot-starter-json\2.7.15\6d1bc45796a194b253ab98fbaf608e320bb16c\spring-boot-starter-json-2.7.15.jar;C:\Users\OHS\.gradle\caches\modules
Launcher Type: SUN_STANDARD

[Global flags]
     intx CICompilerCount                          = 4                                         {product} {ergonomic}
     uint ConcGCThreads                            = 3                                         {product} {ergonomic}
     uint G1ConcRefinementThreads                  = 10                                        {product} {ergonomic}
   size_t G1HeapRegionSize                         = 2097152                                   {product} {ergonomic}
    uintx GCDrainStackTargetSize                   = 64                                        {product} {ergonomic}
   size_t InitialHeapSize                          = 268435456                                 {product} {ergonomic}
     bool ManagementServer                         = true                                      {product} {command line}
   size_t MarkStackSize                            = 4194304                                   {product} {ergonomic}
   size_t MaxHeapSize                              = 4276092928                                {product} {ergonomic}
   size_t MinHeapDeltaBytes                        = 2097152                                   {product} {ergonomic}
   size_t MinHeapSize                              = 8388608                                   {product} {ergonomic}
    uintx NonProfiledCodeHeapSize                  = 0                                      {pd product} {ergonomic}
     bool ProfileInterpreter                       = false                                  {pd product} {command line}
    uintx ProfiledCodeHeapSize                     = 0                                      {pd product} {ergonomic}
   size_t SoftMaxHeapSize                          = 4276092928                             {manageable} {ergonomic}
     intx TieredStopAtLevel                        = 1                                         {product} {command line}
     bool UseCompressedClassPointers               = true                           {product lp64_product} {ergonomic}
     bool UseCompressedOops                        = true                           {product lp64_product} {ergonomic}
     bool UseG1GC                                  = true                                      {product} {ergonomic}
     bool UseLargePagesIndividualAllocation        = false                                  {pd product} {ergonomic}

Logging:
Log output configuration:
 #0: stdout all=warning uptime,level,tags
 #1: stderr all=off uptime,level,tags

Environment Variables:
PATH=C:\Users\OHS\AppData\Local\Programs\Python\Python311\Scripts\;C:\Users\OHS\AppData\Local\Programs\Python\Python311\;C:\Program Files\Common Files\Oracle\Java\javapath;C:\Windows\system32;C:\Windows;C:\Windows\System32\Wbem;C:\Windows\System32\WindowsPowerShell\v1.0\;C:\Windows\System32\OpenSSH\;C:\Program Files\Microsoft VS Code\bin;C:\Program Files\dotnet\;C:\Program Files (x86)\NVIDIA Corporation\PhysX\Common;C:\Program Files\nodejs\;C:\ProgramData\chocolatey\bin;C:\Program Files\Docker\Docker\resources\bin;C:\Users\OHS\AppData\Local\Microsoft\WindowsApps;C:\Program Files (x86)\SoftForum\XecureHSM\;C:\MinGW\bin;C:\Users\OHS\AppData\Roaming\npm
USERNAME=OHS
OS=Windows_NT
PROCESSOR_IDENTIFIER=AMD64 Family 25 Model 33 Stepping 0, AuthenticAMD



---------------  S Y S T E M  ---------------

OS:
 Windows 10 , 64 bit Build 19041 (10.0.19041.3155)
OS uptime: 0 days 20:15 hours
Hyper-V role detected

CPU: total 12 (initial active 12) (12 cores per cpu, 2 threads per core) family 25 model 33 stepping 0 microcode 0x0, cx8, cmov, fxsr, ht, mmx, 3dnowpref, sse, sse2, sse3, ssse3, sse4a, sse4.1, sse4.2, popcnt, lzcnt, tsc, tscinvbit, avx, avx2, aes, erms, clmul, bmi1, bmi2, adx, sha, fma, vzeroupper, clflush, clflushopt, hv

Memory: 4k page, system-wide physical 16308M (3918M free)
TotalPageFile size 18356M (AvailPageFile size 215M)
current process WorkingSet (physical memory assigned to process): 11M, peak: 11M
current process commit charge ("private bytes"): 59M, peak: 315M

vm_info: Java HotSpot(TM) 64-Bit Server VM (17.0.8+9-LTS-211) for windows-amd64 JRE (17.0.8+9-LTS-211), built on Jun 14 2023 10:34:31 by "mach5one" with MS VC++ 17.1 (VS2022)

END.
