#
# There is insufficient memory for the Java Runtime Environment to continue.
# Native memory allocation (mmap) failed to map 268435456 bytes for G1 virtual space
# Possible reasons:
#   The system is out of physical RAM or swap space
#   The process is running with CompressedOops enabled, and the Java Heap may be blocking the growth of the native heap
# Possible solutions:
#   Reduce memory load on the system
#   Increase physical memory or swap space
#   Check if swap backing store is full
#   Decrease Java heap size (-Xmx/-Xms)
#   Decrease number of Java threads
#   Decrease Java thread stack sizes (-Xss)
#   Set larger code cache with -XX:ReservedCodeCacheSize=
#   JVM is running with Zero Based Compressed Oops mode in which the Java heap is
#     placed in the first 32GB address space. The Java Heap base address is the
#     maximum limit for the native heap growth. Please use -XX:HeapBaseMinAddress
#     to set the Java Heap base and to place the Java Heap above 32GB virtual address.
# This output file may be truncated or incomplete.
#
#  Out of Memory Error (os_windows.cpp:3550), pid=54468, tid=45784
#
# JRE version:  (17.0.8+9) (build )
# Java VM: Java HotSpot(TM) 64-Bit Server VM (17.0.8+9-LTS-211, mixed mode, emulated-client, sharing, tiered, compressed oops, compressed class ptrs, g1 gc, windows-amd64)
# No core dump will be written. Minidumps are not enabled by default on client versions of Windows
#

---------------  S U M M A R Y ------------

Command Line: -XX:TieredStopAtLevel=1 -Dspring.output.ansi.enabled=always -Dcom.sun.management.jmxremote -Dspring.jmx.enabled=true -Dspring.liveBeansView.mbeanDomain -Dspring.application.admin.enabled=true -Dmanagement.endpoints.jmx.exposure.include=* -javaagent:D:\IntelliJ IDEA 2023.2.1\lib\idea_rt.jar=2686:D:\IntelliJ IDEA 2023.2.1\bin -Dfile.encoding=UTF-8 com.example.security.SecurityApplication

Host: AMD Ryzen 5 5600X 6-Core Processor             , 12 cores, 15G,  Windows 10 , 64 bit Build 19041 (10.0.19041.3155)
Time: Wed Sep 13 02:04:28 2023  Windows 10 , 64 bit Build 19041 (10.0.19041.3155) elapsed time: 0.013111 seconds (0d 0h 0m 0s)

---------------  T H R E A D  ---------------

Current thread (0x000001a236c47ce0):  JavaThread "Unknown thread" [_thread_in_vm, id=45784, stack(0x0000003349100000,0x0000003349200000)]

Stack: [0x0000003349100000,0x0000003349200000]
Native frames: (J=compiled Java code, j=interpreted, Vv=VM code, C=native code)
V  [jvm.dll+0x677d0a]
V  [jvm.dll+0x7d8c54]
V  [jvm.dll+0x7da3fe]
V  [jvm.dll+0x7daa63]
V  [jvm.dll+0x245c5f]
V  [jvm.dll+0x674bb9]
V  [jvm.dll+0x6694f2]
V  [jvm.dll+0x3031d6]
V  [jvm.dll+0x30a756]
V  [jvm.dll+0x359f9e]
V  [jvm.dll+0x35a1cf]
V  [jvm.dll+0x2da3e8]
V  [jvm.dll+0x2db354]
V  [jvm.dll+0x7aa711]
V  [jvm.dll+0x367b51]
V  [jvm.dll+0x789979]
V  [jvm.dll+0x3eb05f]
V  [jvm.dll+0x3ecae1]
C  [jli.dll+0x5297]
C  [ucrtbase.dll+0x21bb2]
C  [KERNEL32.DLL+0x17614]
C  [ntdll.dll+0x526b1]


---------------  P R O C E S S  ---------------

Threads class SMR info:
_java_thread_list=0x00007ff9d5b359d8, length=0, elements={
}

Java Threads: ( => current thread )

Other Threads:
  0x000001a236cb25c0 GCTaskThread "GC Thread#0" [stack: 0x0000003349200000,0x0000003349300000] [id=15844]
  0x000001a236cc53f0 ConcurrentGCThread "G1 Main Marker" [stack: 0x0000003349300000,0x0000003349400000] [id=6264]
  0x000001a236cc5e00 ConcurrentGCThread "G1 Conc#0" [stack: 0x0000003349400000,0x0000003349500000] [id=58504]

[error occurred during error reporting (printing all threads), id 0xc0000005, EXCEPTION_ACCESS_VIOLATION (0xc0000005) at pc=0x00007ff9d536b047]

VM state: not at safepoint (not fully initialized)

VM Mutex/Monitor currently owned by a thread:  ([mutex/lock_event])
[0x000001a236c43ce0] Heap_lock - owner thread: 0x000001a236c47ce0

Heap address: 0x0000000701200000, size: 4078 MB, Compressed Oops mode: Zero based, Oop shift amount: 3

CDS archive(s) mapped at: [0x0000000000000000-0x0000000000000000-0x0000000000000000), size 0, SharedBaseAddress: 0x0000000800000000, ArchiveRelocationMode: 1.
Narrow klass base: 0x0000000000000000, Narrow klass shift: 0, Narrow klass range: 0x0

GC Precious Log:
<Empty>

Heap:
 garbage-first heap   total 0K, used 0K [0x0000000701200000, 0x0000000800000000)
  region size 2048K, 0 young (0K), 0 survivors (0K)

[error occurred during error reporting (printing heap information), id 0xc0000005, EXCEPTION_ACCESS_VIOLATION (0xc0000005) at pc=0x00007ff9d5751499]

GC Heap History (0 events):
No events

Deoptimization events (0 events):
No events

Classes unloaded (0 events):
No events

Classes redefined (0 events):
No events

Internal exceptions (0 events):
No events

VM Operations (0 events):
No events

Events (1 events):
Event: 0.009 Loaded shared library C:\Program Files\Java\jdk-17\bin\java.dll


Dynamic libraries:
0x00007ff781020000 - 0x00007ff781030000 	C:\Program Files\Java\jdk-17\bin\java.exe
0x00007ffa49c70000 - 0x00007ffa49e68000 	C:\Windows\SYSTEM32\ntdll.dll
0x00007ffa487b0000 - 0x00007ffa4886f000 	C:\Windows\System32\KERNEL32.DLL
0x00007ffa479a0000 - 0x00007ffa47c96000 	C:\Windows\System32\KERNELBASE.dll
0x00007ffa47800000 - 0x00007ffa47900000 	C:\Windows\System32\ucrtbase.dll
0x00007ffa1dbf0000 - 0x00007ffa1dc09000 	C:\Program Files\Java\jdk-17\bin\jli.dll
0x00007ffa480d0000 - 0x00007ffa4817f000 	C:\Windows\System32\ADVAPI32.dll
0x00007ffa1dbd0000 - 0x00007ffa1dbeb000 	C:\Program Files\Java\jdk-17\bin\VCRUNTIME140.dll
0x00007ffa47cd0000 - 0x00007ffa47d6e000 	C:\Windows\System32\msvcrt.dll
0x00007ffa49370000 - 0x00007ffa4940c000 	C:\Windows\System32\sechost.dll
0x00007ffa48180000 - 0x00007ffa482a6000 	C:\Windows\System32\RPCRT4.dll
0x00007ffa47ed0000 - 0x00007ffa4806d000 	C:\Windows\System32\USER32.dll
0x00007ffa47620000 - 0x00007ffa47642000 	C:\Windows\System32\win32u.dll
0x00007ffa48710000 - 0x00007ffa4873c000 	C:\Windows\System32\GDI32.dll
0x00007ffa47650000 - 0x00007ffa47765000 	C:\Windows\System32\gdi32full.dll
0x00007ffa39dd0000 - 0x00007ffa3a06a000 	C:\Windows\WinSxS\amd64_microsoft.windows.common-controls_6595b64144ccf1df_6.0.19041.1110_none_60b5254171f9507e\COMCTL32.dll
0x00007ffa47900000 - 0x00007ffa4799d000 	C:\Windows\System32\msvcp_win.dll
0x00007ffa400c0000 - 0x00007ffa400ca000 	C:\Windows\SYSTEM32\VERSION.dll
0x00007ffa47ea0000 - 0x00007ffa47ed0000 	C:\Windows\System32\IMM32.DLL
0x00007ffa2b620000 - 0x00007ffa2b62c000 	C:\Program Files\Java\jdk-17\bin\vcruntime140_1.dll
0x00007ffa0a780000 - 0x00007ffa0a80e000 	C:\Program Files\Java\jdk-17\bin\msvcp140.dll
0x00007ff9d5080000 - 0x00007ff9d5c5e000 	C:\Program Files\Java\jdk-17\bin\server\jvm.dll
0x00007ffa48fc0000 - 0x00007ffa48fc8000 	C:\Windows\System32\PSAPI.DLL
0x00007ffa3d650000 - 0x00007ffa3d659000 	C:\Windows\SYSTEM32\WSOCK32.dll
0x00007ffa3bcb0000 - 0x00007ffa3bcd7000 	C:\Windows\SYSTEM32\WINMM.dll
0x00007ffa48740000 - 0x00007ffa487ab000 	C:\Windows\System32\WS2_32.dll
0x00007ffa451d0000 - 0x00007ffa451e2000 	C:\Windows\SYSTEM32\kernel.appcore.dll
0x00007ffa2b5d0000 - 0x00007ffa2b5da000 	C:\Program Files\Java\jdk-17\bin\jimage.dll
0x00007ffa3ef50000 - 0x00007ffa3f134000 	C:\Windows\SYSTEM32\DBGHELP.DLL
0x00007ffa2c010000 - 0x00007ffa2c044000 	C:\Windows\SYSTEM32\dbgcore.DLL
0x00007ffa47770000 - 0x00007ffa477f2000 	C:\Windows\System32\bcryptPrimitives.dll
0x00007ffa44910000 - 0x00007ffa4491e000 	C:\Program Files\Java\jdk-17\bin\instrument.dll
0x00007ffa1dba0000 - 0x00007ffa1dbc5000 	C:\Program Files\Java\jdk-17\bin\java.dll

dbghelp: loaded successfully - version: 4.0.5 - missing functions: none
symbol engine: initialized successfully - sym options: 0x614 - pdb path: .;C:\Program Files\Java\jdk-17\bin;C:\Windows\SYSTEM32;C:\Windows\WinSxS\amd64_microsoft.windows.common-controls_6595b64144ccf1df_6.0.19041.1110_none_60b5254171f9507e;C:\Program Files\Java\jdk-17\bin\server

VM Arguments:
jvm_args: -XX:TieredStopAtLevel=1 -Dspring.output.ansi.enabled=always -Dcom.sun.management.jmxremote -Dspring.jmx.enabled=true -Dspring.liveBeansView.mbeanDomain -Dspring.application.admin.enabled=true -Dmanagement.endpoints.jmx.exposure.include=* -javaagent:D:\IntelliJ IDEA 2023.2.1\lib\idea_rt.jar=2686:D:\IntelliJ IDEA 2023.2.1\bin -Dfile.encoding=UTF-8 
java_command: com.example.security.SecurityApplication
java_class_path (initial): D:\Spring_Security\Spring\out\production\classes;D:\Spring_Security\Spring\out\production\resources;C:\Users\OHS\.gradle\caches\modules-2\files-2.1\org.projectlombok\lombok\1.18.28\a2ff5da8bcd8b1b26f36b806ced63213362c6dcc\lombok-1.18.28.jar;C:\Users\OHS\.gradle\caches\modules-2\files-2.1\org.springframework.boot\spring-boot-starter-web\2.7.15\80f227f160fd83e4d3e1fb10ec59530e4faae1e0\spring-boot-starter-web-2.7.15.jar;C:\Users\OHS\.gradle\caches\modules-2\files-2.1\org.springframework.boot\spring-boot-starter-data-jpa\2.7.15\93fe758d2f6fdda6ec5494a984c980164f529486\spring-boot-starter-data-jpa-2.7.15.jar;C:\Users\OHS\.gradle\caches\modules-2\files-2.1\org.springframework.boot\spring-boot-starter-data-redis\2.7.15\95a37650428ea769df18377999293621b3fac761\spring-boot-starter-data-redis-2.7.15.jar;C:\Users\OHS\.gradle\caches\modules-2\files-2.1\org.springframework.boot\spring-boot-starter-mail\2.7.15\5df0e5ed9afb8ea48c47a3b42423893c07d49d84\spring-boot-starter-mail-2.7.15.jar;C:\Users\OHS\.gradle\caches\modules-2\files-2.1\org.springframework.boot\spring-boot-starter-security\2.7.15\e2f938ea74399bd642c2ed0c13f32b896ebfe078\spring-boot-starter-security-2.7.15.jar;C:\Users\OHS\.gradle\caches\modules-2\files-2.1\org.springframework.security\spring-security-crypto\5.7.1\e036d3deb1b1fba2b9881613f0e43f69ccd23ece\spring-security-crypto-5.7.1.jar;C:\Users\OHS\.gradle\caches\modules-2\files-2.1\io.jsonwebtoken\jjwt-api\0.11.2\57c34dce3e88f2972c5c5465b6291acfb5628084\jjwt-api-0.11.2.jar;C:\Users\OHS\.gradle\caches\modules-2\files-2.1\org.springframework.boot\spring-boot-starter-json\2.7.15\6d1bc45796a194b253ab98fbaf608e320bb16c\spring-boot-starter-json-2.7.15.jar;C:\Users\OHS\.gradle\caches\modules-2\files-2.1\org.springframework.boot\spring-boot-starter\2.7.15\6ea75176edb5ba47addd6143b3e0fec25811be1d\spring-boot-starter-2.7.15.jar;C:\Users\OHS\.gradle\caches\modules-2\files-2.1\org.springframework.boot\spring-boot-starter-tomcat\2.7.15\85a01164a2ceaf
Launcher Type: SUN_STANDARD

[Global flags]
     intx CICompilerCount                          = 4                                         {product} {ergonomic}
     uint ConcGCThreads                            = 3                                         {product} {ergonomic}
     uint G1ConcRefinementThreads                  = 10                                        {product} {ergonomic}
   size_t G1HeapRegionSize                         = 2097152                                   {product} {ergonomic}
    uintx GCDrainStackTargetSize                   = 64                                        {product} {ergonomic}
   size_t InitialHeapSize                          = 268435456                                 {product} {ergonomic}
     bool ManagementServer                         = true                                      {product} {command line}
   size_t MarkStackSize                            = 4194304                                   {product} {ergonomic}
   size_t MaxHeapSize                              = 4276092928                                {product} {ergonomic}
   size_t MinHeapDeltaBytes                        = 2097152                                   {product} {ergonomic}
   size_t MinHeapSize                              = 8388608                                   {product} {ergonomic}
    uintx NonProfiledCodeHeapSize                  = 0                                      {pd product} {ergonomic}
     bool ProfileInterpreter                       = false                                  {pd product} {command line}
    uintx ProfiledCodeHeapSize                     = 0                                      {pd product} {ergonomic}
   size_t SoftMaxHeapSize                          = 4276092928                             {manageable} {ergonomic}
     intx TieredStopAtLevel                        = 1                                         {product} {command line}
     bool UseCompressedClassPointers               = true                           {product lp64_product} {ergonomic}
     bool UseCompressedOops                        = true                           {product lp64_product} {ergonomic}
     bool UseG1GC                                  = true                                      {product} {ergonomic}
     bool UseLargePagesIndividualAllocation        = false                                  {pd product} {ergonomic}

Logging:
Log output configuration:
 #0: stdout all=warning uptime,level,tags
 #1: stderr all=off uptime,level,tags

Environment Variables:
PATH=C:\Users\OHS\AppData\Local\Programs\Python\Python311\Scripts\;C:\Users\OHS\AppData\Local\Programs\Python\Python311\;C:\Program Files\Common Files\Oracle\Java\javapath;C:\Windows\system32;C:\Windows;C:\Windows\System32\Wbem;C:\Windows\System32\WindowsPowerShell\v1.0\;C:\Windows\System32\OpenSSH\;C:\Program Files\Microsoft VS Code\bin;C:\Program Files\dotnet\;C:\Program Files (x86)\NVIDIA Corporation\PhysX\Common;C:\Program Files\nodejs\;C:\ProgramData\chocolatey\bin;C:\Program Files\Docker\Docker\resources\bin;C:\Users\OHS\AppData\Local\Microsoft\WindowsApps;C:\Program Files (x86)\SoftForum\XecureHSM\;C:\MinGW\bin;C:\Users\OHS\AppData\Roaming\npm
USERNAME=OHS
OS=Windows_NT
PROCESSOR_IDENTIFIER=AMD64 Family 25 Model 33 Stepping 0, AuthenticAMD



---------------  S Y S T E M  ---------------

OS:
 Windows 10 , 64 bit Build 19041 (10.0.19041.3155)
OS uptime: 3 days 17:59 hours
Hyper-V role detected

CPU: total 12 (initial active 12) (12 cores per cpu, 2 threads per core) family 25 model 33 stepping 0 microcode 0x0, cx8, cmov, fxsr, ht, mmx, 3dnowpref, sse, sse2, sse3, ssse3, sse4a, sse4.1, sse4.2, popcnt, lzcnt, tsc, tscinvbit, avx, avx2, aes, erms, clmul, bmi1, bmi2, adx, sha, fma, vzeroupper, clflush, clflushopt, hv

Memory: 4k page, system-wide physical 16308M (2478M free)
TotalPageFile size 18356M (AvailPageFile size 109M)
current process WorkingSet (physical memory assigned to process): 10M, peak: 10M
current process commit charge ("private bytes"): 59M, peak: 315M

vm_info: Java HotSpot(TM) 64-Bit Server VM (17.0.8+9-LTS-211) for windows-amd64 JRE (17.0.8+9-LTS-211), built on Jun 14 2023 10:34:31 by "mach5one" with MS VC++ 17.1 (VS2022)

END.
